<?xml version="1.0" encoding="UTF-8"?>
<testng-results skipped="0" failed="0" ignored="0" total="1" passed="1">
  <reporter-output>
  </reporter-output>
  <suite name="Suite" duration-ms="27" started-at="2019-04-26T07:58:44Z" finished-at="2019-04-26T07:58:44Z">
    <groups>
    </groups>
    <test name="Test" duration-ms="27" started-at="2019-04-26T07:58:44Z" finished-at="2019-04-26T07:58:44Z">
      <class name="packaged.Demo1">
        <test-method status="PASS" signature="t()[pri:0, instance:packaged.Demo1@4f4a7090]" name="t" duration-ms="6" started-at="2019-04-26T07:58:44Z" finished-at="2019-04-26T07:58:44Z">
          <reporter-output>
          </reporter-output>
        </test-method> <!-- t -->
      </class> <!-- packaged.Demo1 -->
    </test> <!-- Test -->
  </suite> <!-- Suite -->
</testng-results>
